<?xml version="1.0" encoding="UTF-8"?>
<coverage generated="1541210704642" clover="3.2.0">
  <project timestamp="1541210704642" name="All files">
    <metrics statements="57" coveredstatements="55" conditionals="20" coveredconditionals="17" methods="12" coveredmethods="11" elements="89" coveredelements="83" complexity="0" loc="57" ncloc="57" packages="1" files="2" classes="2">
      <file name="heap-calculations.ts" path="/Users/vinicio/vladimirsan/twenty-thousand-leagues-under-the-data-structures-sea/typescript/src/heap-calculations.ts">
        <metrics statements="11" coveredstatements="10" conditionals="2" coveredconditionals="2" methods="4" coveredmethods="3"/>
        <line num="1" count="1" type="stmt"/>
        <line num="2" count="1" type="stmt"/>
        <line num="3" count="9" type="cond" truecount="2" falsecount="0"/>
        <line num="4" count="4" type="stmt"/>
        <line num="7" count="5" type="stmt"/>
        <line num="10" count="1" type="stmt"/>
        <line num="11" count="16" type="stmt"/>
        <line num="14" count="1" type="stmt"/>
        <line num="15" count="0" type="stmt"/>
        <line num="17" count="1" type="stmt"/>
        <line num="19" count="1" type="stmt"/>
      </file>
      <file name="max-heap.ts" path="/Users/vinicio/vladimirsan/twenty-thousand-leagues-under-the-data-structures-sea/typescript/src/max-heap.ts">
        <metrics statements="46" coveredstatements="45" conditionals="18" coveredconditionals="15" methods="8" coveredmethods="8"/>
        <line num="1" count="1" type="stmt"/>
        <line num="3" count="1" type="stmt"/>
        <line num="8" count="4" type="stmt"/>
        <line num="9" count="4" type="stmt"/>
        <line num="12" count="1" type="stmt"/>
        <line num="13" count="7" type="stmt"/>
        <line num="14" count="7" type="stmt"/>
        <line num="17" count="1" type="stmt"/>
        <line num="18" count="6" type="cond" truecount="1" falsecount="1"/>
        <line num="19" count="0" type="stmt"/>
        <line num="22" count="6" type="cond" truecount="2" falsecount="0"/>
        <line num="24" count="2" type="stmt"/>
        <line num="27" count="4" type="stmt"/>
        <line num="29" count="4" type="stmt"/>
        <line num="30" count="4" type="stmt"/>
        <line num="31" count="4" type="stmt"/>
        <line num="32" count="4" type="stmt"/>
        <line num="35" count="1" type="stmt"/>
        <line num="36" count="8" type="stmt"/>
        <line num="43" count="1" type="stmt"/>
        <line num="44" count="9" type="stmt"/>
        <line num="46" count="9" type="cond" truecount="2" falsecount="0"/>
        <line num="47" count="4" type="stmt"/>
        <line num="50" count="5" type="cond" truecount="2" falsecount="0"/>
        <line num="51" count="2" type="stmt"/>
        <line num="52" count="2" type="stmt"/>
        <line num="56" count="1" type="stmt"/>
        <line num="57" count="6" type="stmt"/>
        <line num="59" count="6" type="stmt"/>
        <line num="60" count="6" type="stmt"/>
        <line num="63" count="1" type="stmt"/>
        <line num="64" count="8" type="stmt"/>
        <line num="65" count="8" type="stmt"/>
        <line num="66" count="8" type="stmt"/>
        <line num="69" count="8" type="stmt"/>
        <line num="70" count="8" type="stmt"/>
        <line num="71" count="8" type="stmt"/>
        <line num="73" count="8" type="cond" truecount="2" falsecount="0"/>
        <line num="74" count="4" type="cond" truecount="1" falsecount="1"/>
        <line num="76" count="8" type="cond" truecount="2" falsecount="0"/>
        <line num="77" count="4" type="cond" truecount="1" falsecount="1"/>
        <line num="80" count="8" type="cond" truecount="2" falsecount="0"/>
        <line num="81" count="4" type="stmt"/>
        <line num="82" count="4" type="stmt"/>
        <line num="85" count="1" type="stmt"/>
        <line num="87" count="1" type="stmt"/>
      </file>
    </metrics>
  </project>
</coverage>
