{"/Users/vinicio/vladimirsan/twenty-thousand-leagues-under-the-data-structures-sea/typescript/src/heap-calculations.ts": {"path":"/Users/vinicio/vladimirsan/twenty-thousand-leagues-under-the-data-structures-sea/typescript/src/heap-calculations.ts","statementMap":{"0":{"start":{"line":1,"column":0},"end":{"line":17,"column":0}},"1":{"start":{"line":2,"column":11},"end":{"line":8,"column":5}},"2":{"start":{"line":3,"column":8},"end":{"line":5,"column":9}},"3":{"start":{"line":4,"column":12},"end":{"line":4,"column":22}},"4":{"start":{"line":7,"column":8},"end":{"line":7,"column":43}},"5":{"start":{"line":10,"column":11},"end":{"line":12,"column":5}},"6":{"start":{"line":11,"column":8},"end":{"line":11,"column":31}},"7":{"start":{"line":14,"column":11},"end":{"line":16,"column":5}},"8":{"start":{"line":15,"column":8},"end":{"line":15,"column":31}},"9":{"start":{"line":17,"column":0},"end":{"line":17,"column":1}},"10":{"start":{"line":19,"column":0},"end":{"line":19,"column":32}}},"fnMap":{"0":{"name":"(anonymous_0)","decl":{"start":{"line":1,"column":0},"end":{"line":null,"column":-1}},"loc":{"start":{"line":1,"column":0},"end":{"line":1,"column":-1}}},"1":{"name":"(anonymous_2)","decl":{"start":{"line":2,"column":4},"end":{"line":2,"column":25}},"loc":{"start":{"line":2,"column":38},"end":{"line":8,"column":5}}},"2":{"name":"(anonymous_3)","decl":{"start":{"line":10,"column":4},"end":{"line":10,"column":23}},"loc":{"start":{"line":10,"column":36},"end":{"line":12,"column":5}}},"3":{"name":"(anonymous_4)","decl":{"start":{"line":14,"column":4},"end":{"line":14,"column":24}},"loc":{"start":{"line":14,"column":37},"end":{"line":16,"column":5}}}},"branchMap":{"0":{"loc":{"start":{"line":3,"column":8},"end":{"line":5,"column":9}},"type":"if","locations":[{"start":{"line":3,"column":8},"end":{"line":5,"column":9}},{"start":{"line":3,"column":8},"end":{"line":5,"column":9}}]}},"s":{"0":1,"1":1,"2":9,"3":4,"4":5,"5":1,"6":16,"7":1,"8":0,"9":1,"10":1},"f":{"0":1,"1":9,"2":16,"3":0},"b":{"0":[4,5]}}
,"/Users/vinicio/vladimirsan/twenty-thousand-leagues-under-the-data-structures-sea/typescript/src/max-heap.ts": {"path":"/Users/vinicio/vladimirsan/twenty-thousand-leagues-under-the-data-structures-sea/typescript/src/max-heap.ts","statementMap":{"0":{"start":{"line":1,"column":0},"end":{"line":1,"column":49}},"1":{"start":{"line":3,"column":0},"end":{"line":85,"column":0}},"2":{"start":{"line":8,"column":8},"end":{"line":8,"column":32}},"3":{"start":{"line":9,"column":8},"end":{"line":9,"column":27}},"4":{"start":{"line":12,"column":11},"end":{"line":15,"column":5}},"5":{"start":{"line":13,"column":8},"end":{"line":13,"column":34}},"6":{"start":{"line":14,"column":8},"end":{"line":14,"column":49}},"7":{"start":{"line":17,"column":11},"end":{"line":33,"column":5}},"8":{"start":{"line":18,"column":8},"end":{"line":20,"column":9}},"9":{"start":{"line":19,"column":12},"end":{"line":19,"column":45}},"10":{"start":{"line":22,"column":8},"end":{"line":25,"column":9}},"11":{"start":{"line":24,"column":12},"end":{"line":24,"column":39}},"12":{"start":{"line":27,"column":26},"end":{"line":27,"column":42}},"13":{"start":{"line":29,"column":34},"end":{"line":29,"column":53}},"14":{"start":{"line":30,"column":8},"end":{"line":30,"column":43}},"15":{"start":{"line":31,"column":8},"end":{"line":31,"column":28}},"16":{"start":{"line":32,"column":8},"end":{"line":32,"column":23}},"17":{"start":{"line":35,"column":11},"end":{"line":37,"column":5}},"18":{"start":{"line":36,"column":8},"end":{"line":36,"column":42}},"19":{"start":{"line":43,"column":12},"end":{"line":54,"column":5}},"20":{"start":{"line":44,"column":35},"end":{"line":44,"column":73}},"21":{"start":{"line":46,"column":8},"end":{"line":48,"column":9}},"22":{"start":{"line":47,"column":12},"end":{"line":47,"column":19}},"23":{"start":{"line":50,"column":8},"end":{"line":53,"column":9}},"24":{"start":{"line":51,"column":12},"end":{"line":51,"column":48}},"25":{"start":{"line":52,"column":12},"end":{"line":52,"column":40}},"26":{"start":{"line":56,"column":12},"end":{"line":61,"column":5}},"27":{"start":{"line":57,"column":23},"end":{"line":57,"column":44}},"28":{"start":{"line":59,"column":8},"end":{"line":59,"column":54}},"29":{"start":{"line":60,"column":8},"end":{"line":60,"column":39}},"30":{"start":{"line":63,"column":12},"end":{"line":84,"column":5}},"31":{"start":{"line":64,"column":23},"end":{"line":64,"column":28}},"32":{"start":{"line":65,"column":26},"end":{"line":65,"column":62}},"33":{"start":{"line":66,"column":27},"end":{"line":66,"column":63}},"34":{"start":{"line":69,"column":25},"end":{"line":69,"column":48}},"35":{"start":{"line":70,"column":26},"end":{"line":70,"column":50}},"36":{"start":{"line":71,"column":27},"end":{"line":71,"column":52}},"37":{"start":{"line":73,"column":8},"end":{"line":75,"column":9}},"38":{"start":{"line":74,"column":12},"end":{"line":74,"column":85}},"39":{"start":{"line":76,"column":8},"end":{"line":78,"column":9}},"40":{"start":{"line":77,"column":12},"end":{"line":77,"column":87}},"41":{"start":{"line":80,"column":8},"end":{"line":83,"column":9}},"42":{"start":{"line":81,"column":12},"end":{"line":81,"column":46}},"43":{"start":{"line":82,"column":12},"end":{"line":82,"column":39}},"44":{"start":{"line":85,"column":0},"end":{"line":85,"column":1}},"45":{"start":{"line":87,"column":0},"end":{"line":87,"column":23}}},"fnMap":{"0":{"name":"(anonymous_1)","decl":{"start":{"line":3,"column":0},"end":{"line":null,"column":-1}},"loc":{"start":{"line":3,"column":0},"end":{"line":3,"column":-1}}},"1":{"name":"MaxHeap","decl":{"start":{"line":7,"column":4},"end":{"line":7,"column":16}},"loc":{"start":{"line":7,"column":47},"end":{"line":10,"column":5}}},"2":{"name":"(anonymous_3)","decl":{"start":{"line":12,"column":4},"end":{"line":12,"column":17}},"loc":{"start":{"line":12,"column":25},"end":{"line":15,"column":5}}},"3":{"name":"(anonymous_4)","decl":{"start":{"line":17,"column":4},"end":{"line":null,"column":-1}},"loc":{"start":{"line":17,"column":4},"end":{"line":33,"column":5}}},"4":{"name":"(anonymous_5)","decl":{"start":{"line":35,"column":4},"end":{"line":null,"column":-1}},"loc":{"start":{"line":35,"column":4},"end":{"line":37,"column":5}}},"5":{"name":"(anonymous_6)","decl":{"start":{"line":43,"column":4},"end":{"line":43,"column":21}},"loc":{"start":{"line":43,"column":34},"end":{"line":54,"column":5}}},"6":{"name":"(anonymous_7)","decl":{"start":{"line":56,"column":4},"end":{"line":56,"column":23}},"loc":{"start":{"line":56,"column":52},"end":{"line":61,"column":5}}},"7":{"name":"(anonymous_8)","decl":{"start":{"line":63,"column":4},"end":{"line":63,"column":23}},"loc":{"start":{"line":63,"column":36},"end":{"line":84,"column":5}}}},"branchMap":{"0":{"loc":{"start":{"line":18,"column":8},"end":{"line":20,"column":9}},"type":"if","locations":[{"start":{"line":18,"column":8},"end":{"line":20,"column":9}},{"start":{"line":18,"column":8},"end":{"line":20,"column":9}}]},"1":{"loc":{"start":{"line":22,"column":8},"end":{"line":25,"column":9}},"type":"if","locations":[{"start":{"line":22,"column":8},"end":{"line":25,"column":9}},{"start":{"line":22,"column":8},"end":{"line":25,"column":9}}]},"2":{"loc":{"start":{"line":46,"column":8},"end":{"line":48,"column":9}},"type":"if","locations":[{"start":{"line":46,"column":8},"end":{"line":48,"column":9}},{"start":{"line":46,"column":8},"end":{"line":48,"column":9}}]},"3":{"loc":{"start":{"line":50,"column":8},"end":{"line":53,"column":9}},"type":"if","locations":[{"start":{"line":50,"column":8},"end":{"line":53,"column":9}},{"start":{"line":50,"column":8},"end":{"line":53,"column":9}}]},"4":{"loc":{"start":{"line":73,"column":8},"end":{"line":75,"column":9}},"type":"if","locations":[{"start":{"line":73,"column":8},"end":{"line":75,"column":9}},{"start":{"line":73,"column":8},"end":{"line":75,"column":9}}]},"5":{"loc":{"start":{"line":74,"column":64},"end":{"line":74,"column":73}},"type":"cond-expr","locations":[{"start":{"line":74,"column":64},"end":{"line":74,"column":73}},{"start":{"line":74,"column":76},"end":{"line":74,"column":84}}]},"6":{"loc":{"start":{"line":76,"column":8},"end":{"line":78,"column":9}},"type":"if","locations":[{"start":{"line":76,"column":8},"end":{"line":78,"column":9}},{"start":{"line":76,"column":8},"end":{"line":78,"column":9}}]},"7":{"loc":{"start":{"line":77,"column":65},"end":{"line":77,"column":75}},"type":"cond-expr","locations":[{"start":{"line":77,"column":65},"end":{"line":77,"column":75}},{"start":{"line":77,"column":78},"end":{"line":77,"column":86}}]},"8":{"loc":{"start":{"line":80,"column":8},"end":{"line":83,"column":9}},"type":"if","locations":[{"start":{"line":80,"column":8},"end":{"line":83,"column":9}},{"start":{"line":80,"column":8},"end":{"line":83,"column":9}}]}},"s":{"0":1,"1":1,"2":4,"3":4,"4":1,"5":7,"6":7,"7":1,"8":6,"9":0,"10":6,"11":2,"12":4,"13":4,"14":4,"15":4,"16":4,"17":1,"18":8,"19":1,"20":9,"21":9,"22":4,"23":5,"24":2,"25":2,"26":1,"27":6,"28":6,"29":6,"30":1,"31":8,"32":8,"33":8,"34":8,"35":8,"36":8,"37":8,"38":4,"39":8,"40":4,"41":8,"42":4,"43":4,"44":1,"45":1},"f":{"0":1,"1":4,"2":7,"3":6,"4":8,"5":9,"6":6,"7":8},"b":{"0":[0,6],"1":[2,4],"2":[4,5],"3":[2,3],"4":[4,4],"5":[4,0],"6":[4,4],"7":[4,0],"8":[4,4]}}
}
