TN:
SF:/Users/vinicio/vladimirsan/twenty-thousand-leagues-under-the-data-structures-sea/typescript/src/heap-calculations.ts
FN:1,(anonymous_0)
FN:2,(anonymous_2)
FN:10,(anonymous_3)
FN:14,(anonymous_4)
FNF:4
FNH:3
FNDA:1,(anonymous_0)
FNDA:9,(anonymous_2)
FNDA:16,(anonymous_3)
FNDA:0,(anonymous_4)
DA:1,1
DA:2,1
DA:3,9
DA:4,4
DA:7,5
DA:10,1
DA:11,16
DA:14,1
DA:15,0
DA:17,1
DA:19,1
LF:11
LH:10
BRDA:3,0,0,4
BRDA:3,0,1,5
BRF:2
BRH:2
end_of_record
TN:
SF:/Users/vinicio/vladimirsan/twenty-thousand-leagues-under-the-data-structures-sea/typescript/src/max-heap.ts
FN:3,(anonymous_1)
FN:7,MaxHeap
FN:12,(anonymous_3)
FN:17,(anonymous_4)
FN:35,(anonymous_5)
FN:43,(anonymous_6)
FN:56,(anonymous_7)
FN:63,(anonymous_8)
FNF:8
FNH:8
FNDA:1,(anonymous_1)
FNDA:4,MaxHeap
FNDA:7,(anonymous_3)
FNDA:6,(anonymous_4)
FNDA:8,(anonymous_5)
FNDA:9,(anonymous_6)
FNDA:6,(anonymous_7)
FNDA:8,(anonymous_8)
DA:1,1
DA:3,1
DA:8,4
DA:9,4
DA:12,1
DA:13,7
DA:14,7
DA:17,1
DA:18,6
DA:19,0
DA:22,6
DA:24,2
DA:27,4
DA:29,4
DA:30,4
DA:31,4
DA:32,4
DA:35,1
DA:36,8
DA:43,1
DA:44,9
DA:46,9
DA:47,4
DA:50,5
DA:51,2
DA:52,2
DA:56,1
DA:57,6
DA:59,6
DA:60,6
DA:63,1
DA:64,8
DA:65,8
DA:66,8
DA:69,8
DA:70,8
DA:71,8
DA:73,8
DA:74,4
DA:76,8
DA:77,4
DA:80,8
DA:81,4
DA:82,4
DA:85,1
DA:87,1
LF:46
LH:45
BRDA:18,0,0,0
BRDA:18,0,1,6
BRDA:22,1,0,2
BRDA:22,1,1,4
BRDA:46,2,0,4
BRDA:46,2,1,5
BRDA:50,3,0,2
BRDA:50,3,1,3
BRDA:73,4,0,4
BRDA:73,4,1,4
BRDA:74,5,0,4
BRDA:74,5,1,0
BRDA:76,6,0,4
BRDA:76,6,1,4
BRDA:77,7,0,4
BRDA:77,7,1,0
BRDA:80,8,0,4
BRDA:80,8,1,4
BRF:18
BRH:15
end_of_record
